* Starting client
* Connecting to master process on port 21819
* Analyzing classpath: 
  - C:\Users\Admin\Desktop\Houston\SEM-2\PAT\Maven project\AVLtree_Evosuite\target\test-classes
  - C:\Users\Admin\Desktop\Houston\SEM-2\PAT\Maven project\AVLtree_Evosuite\target\classes
  - C:\Users\Admin\.m2\repository\junit\junit\4.12\junit-4.12.jar
  - C:\Users\Admin\.m2\repository\org\hamcrest\hamcrest-core\1.3\hamcrest-core-1.3.jar
  - C:\Users\Admin\.m2\repository\org\jacoco\org.jacoco.agent\0.8.7\org.jacoco.agent-0.8.7.jar
* Finished analyzing classpath
* Generating tests for class AVLTree
* Test criteria:
  - Line Coverage
  - Branch Coverage
  - Exception
  - Mutation testing (weak)
  - Method-Output Coverage
  - Top-Level Method Coverage
  - No-Exception Top-Level Method Coverage
  - Context Branch Coverage
* Setting up search algorithm for whole suite generation
* Loaded 27 tests from C:\Users\Admin\Desktop\Houston\SEM-2\PAT\Maven project\AVLtree_Evosuite\.evosuite\evosuite-seeds\AVLTree.seed
* Total number of test goals: 
  - Line 73
  - Branch 48
  - Exception 0
  - MutationFactory 177
  - Output 10
  - Method 8
  - MethodNoException 8
  - CBranchFitnessFactory 48
* Using seed 1650139855302
* Starting evolution
* Search finished after 69s and 16 generations, 10042 statements, best individual has fitness: 23.642857142857142
* Writing sequences to pool
* Minimizing test suite
[MASTER] 15:12:35.165 [pool-2-thread-1] WARN  TestSuiteMinimizer - Minimization timeout. Roll back to original test suite
[MASTER] 15:12:35.184 [pool-2-thread-1] WARN  TimeController - Phase MINIMIZATION lasted too long, 1 seconds more than allowed.
* Going to analyze the coverage criteria
* Coverage analysis for criterion LINE
* Coverage of criterion LINE: 100%
* Total number of goals: 73
* Number of covered goals: 73
* Coverage analysis for criterion BRANCH
* Coverage of criterion BRANCH: 98%
* Total number of goals: 48
* Number of covered goals: 47
* Coverage analysis for criterion EXCEPTION
* Coverage of criterion EXCEPTION: 100%
* Total number of goals: 6
* Number of covered goals: 6
* Coverage analysis for criterion WEAKMUTATION
* Coverage of criterion WEAKMUTATION: 98%
* Total number of goals: 177
* Number of covered goals: 174
* Coverage analysis for criterion OUTPUT
* Coverage of criterion OUTPUT: 100%
* Total number of goals: 10
* Number of covered goals: 10
* Coverage analysis for criterion METHOD
* Coverage of criterion METHOD: 100%
* Total number of goals: 8
* Number of covered goals: 8
* Coverage analysis for criterion METHODNOEXCEPTION
* Coverage of criterion METHODNOEXCEPTION: 100%
* Total number of goals: 8
* Number of covered goals: 8
* Coverage analysis for criterion CBRANCH
* Coverage of criterion CBRANCH: 58%
* Total number of goals: 48
* Number of covered goals: 28
* Generated 22 tests with total length 322
* Resulting test suite's coverage: 94% (average coverage for all fitness functions)
* Generating assertions
[MASTER] 15:12:48.515 [pool-2-thread-1] WARN  TimeController - Current phase ASSERTION_GENERATION could run up to 9s, but only 6s are left
[MASTER] 15:12:55.473 [pool-2-thread-1] WARN  SimpleMutationAssertionGenerator - Reached maximum time to generate assertions, aborting assertion generation
* Resulting test suite's mutation score: 48%
* Compiling and checking tests
[MASTER] 15:12:55.577 [pool-2-thread-1] WARN  TimeController - Current phase JUNIT_CHECK could run up to 9s, but only 0s are left
[MASTER] 15:12:55.577 [pool-2-thread-1] WARN  TimeController - Current phase WRITING_TESTS could run up to 9s, but only 0s are left
* Writing JUnit test case 'AVLTree_ESTest' to C:\Users\Admin\Desktop\Houston\SEM-2\PAT\Maven project\AVLtree_Evosuite\.evosuite\tmp_2022_04_16_15_10_50\tests
* Done!

